{"/home/fedora/workspace/eyerun_requestor_commit-stage/Gruntfile.js":{"path":"/home/fedora/workspace/eyerun_requestor_commit-stage/Gruntfile.js","s":{"1":1,"2":1,"3":1,"4":1,"5":0,"6":0,"7":0},"b":{"1":[0,0]},"f":{"1":1,"2":0},"fnMap":{"1":{"name":"(anonymous_1)","line":1,"loc":{"start":{"line":1,"column":17},"end":{"line":1,"column":33}}},"2":{"name":"(anonymous_2)","line":28,"loc":{"start":{"line":28,"column":56},"end":{"line":28,"column":74}}}},"statementMap":{"1":{"start":{"line":1,"column":0},"end":{"line":35,"column":2}},"2":{"start":{"line":2,"column":1},"end":{"line":2,"column":123}},"3":{"start":{"line":4,"column":1},"end":{"line":26,"column":4}},"4":{"start":{"line":28,"column":1},"end":{"line":34,"column":4}},"5":{"start":{"line":29,"column":2},"end":{"line":33,"column":3}},"6":{"start":{"line":30,"column":3},"end":{"line":30,"column":62}},"7":{"start":{"line":32,"column":3},"end":{"line":32,"column":40}}},"branchMap":{"1":{"line":29,"type":"if","locations":[{"start":{"line":29,"column":2},"end":{"line":29,"column":2}},{"start":{"line":29,"column":2},"end":{"line":29,"column":2}}]}}},"/home/fedora/workspace/eyerun_requestor_commit-stage/requirejs.js":{"path":"/home/fedora/workspace/eyerun_requestor_commit-stage/requirejs.js","s":{"1":1,"2":0},"b":{},"f":{"1":0},"fnMap":{"1":{"name":"(anonymous_1)","line":15,"loc":{"start":{"line":15,"column":16},"end":{"line":15,"column":54}}}},"statementMap":{"1":{"start":{"line":1,"column":0},"end":{"line":31,"column":2}},"2":{"start":{"line":17,"column":3},"end":{"line":17,"column":48}}},"branchMap":{}}}